app/build/outputs/logs/manifest-merger-release-report.txt
-- Merging decision tree log ---
manifest
ADDED from src\main\AndroidManifest.xml:2:1-97:12
	package
		ADDED from src\main\AndroidManifest.xml:3:5-28
		INJECTED from src\main\AndroidManifest.xml
		INJECTED from src\main\AndroidManifest.xml
	android:versionName
		INJECTED from src\main\AndroidManifest.xml
		INJECTED from src\main\AndroidManifest.xml
	xmlns:android
		ADDED from src\main\AndroidManifest.xml:2:11-69
	android:versionCode
		INJECTED from src\main\AndroidManifest.xml
		INJECTED from src\main\AndroidManifest.xml
uses-permission#android.permission.GET_ACCOUNTS
ADDED from src\main\AndroidManifest.xml:6:5-71
	android:name
		ADDED from src\main\AndroidManifest.xml:6:22-68
uses-permission#android.permission.READ_PROFILE
ADDED from src\main\AndroidManifest.xml:7:5-71
	android:name
		ADDED from src\main\AndroidManifest.xml:7:22-68
uses-permission#android.permission.READ_CONTACTS
ADDED from src\main\AndroidManifest.xml:8:5-72
	android:name
		ADDED from src\main\AndroidManifest.xml:8:22-69
uses-permission#android.permission.WRITE_EXTERNAL_STORAGE
ADDED from src\main\AndroidManifest.xml:9:5-81
	android:name
		ADDED from src\main\AndroidManifest.xml:9:22-78
uses-permission#android.permission.READ_EXTERNAL_STORAGE
ADDED from src\main\AndroidManifest.xml:10:5-80
	android:name
		ADDED from src\main\AndroidManifest.xml:10:22-77
uses-permission#android.permission.INTERNET
ADDED from src\main\AndroidManifest.xml:11:5-67
	android:name
		ADDED from src\main\AndroidManifest.xml:11:22-64
uses-permission#android.permission.READ_LOGS
ADDED from src\main\AndroidManifest.xml:12:5-68
	android:name
		ADDED from src\main\AndroidManifest.xml:12:22-65
uses-permission#android.permission.CALL_PHONE
ADDED from src\main\AndroidManifest.xml:13:5-69
	android:name
		ADDED from src\main\AndroidManifest.xml:13:22-66
uses-permission#android.permission.CAMERA
ADDED from src\main\AndroidManifest.xml:14:5-65
	android:name
		ADDED from src\main\AndroidManifest.xml:14:22-62
uses-permission#android.permission.ACCESS_NETWORK_STATE
ADDED from src\main\AndroidManifest.xml:19:5-79
	android:name
		ADDED from src\main\AndroidManifest.xml:19:22-76
uses-permission#android.permission.READ_PHONE_STATE
ADDED from src\main\AndroidManifest.xml:21:5-75
	android:name
		ADDED from src\main\AndroidManifest.xml:21:22-72
uses-permission#android.permission.ACCESS_WIFI_STATE
ADDED from src\main\AndroidManifest.xml:22:5-76
	android:name
		ADDED from src\main\AndroidManifest.xml:22:22-73
application
ADDED from src\main\AndroidManifest.xml:25:5-95:19
MERGED from [Android:library:unspecified] AndroidManifest.xml:11:5-15:19
MERGED from [ch.ielse:switchbutton:1.0.0] AndroidManifest.xml:11:5-14:19
MERGED from [com.android.support:cardview-v7:23.0.0] AndroidManifest.xml:22:5-20
MERGED from [com.androidkun:XTabLayout:1.1.2] AndroidManifest.xml:11:5-14:19
MERGED from [com.jcodecraeer:xrecyclerview:1.3.2] AndroidManifest.xml:11:5-20
MERGED from [com.android.support:design:23.4.0] AndroidManifest.xml:22:5-20
MERGED from [com.android.support:appcompat-v7:23.4.0] AndroidManifest.xml:25:5-20
MERGED from [com.android.support:animated-vector-drawable:23.4.0] AndroidManifest.xml:7:5-20
MERGED from [com.android.support:support-vector-drawable:23.4.0] AndroidManifest.xml:7:5-20
MERGED from [com.android.support:support-v4:23.4.0] AndroidManifest.xml:22:5-20
MERGED from [Android:easysidebar:unspecified] AndroidManifest.xml:11:5-18:19
	android:label
		ADDED from src\main\AndroidManifest.xml:29:9-41
	android:supportsRtl
		ADDED from src\main\AndroidManifest.xml:30:9-35
	android:allowBackup
		ADDED from src\main\AndroidManifest.xml:27:9-35
	android:icon
		ADDED from src\main\AndroidManifest.xml:28:9-43
	android:theme
		ADDED from src\main\AndroidManifest.xml:31:9-40
	android:name
		ADDED from src\main\AndroidManifest.xml:26:9-42
activity#com.miaochegu.activity.MainActivity
ADDED from src\main\AndroidManifest.xml:32:9-35:68
	android:label
		ADDED from src\main\AndroidManifest.xml:34:13-45
	android:theme
		ADDED from src\main\AndroidManifest.xml:35:13-56
	android:name
		ADDED from src\main\AndroidManifest.xml:33:13-63
activity#com.miaochegu.activity.LoginActivity
ADDED from src\main\AndroidManifest.xml:36:9-46:20
	android:label
		ADDED from src\main\AndroidManifest.xml:38:13-45
	android:windowSoftInputMode
		ADDED from src\main\AndroidManifest.xml:39:13-67
	android:theme
		ADDED from src\main\AndroidManifest.xml:40:13-69
	android:name
		ADDED from src\main\AndroidManifest.xml:37:13-64
intent-filter#android.intent.action.MAIN+android.intent.category.LAUNCHER
ADDED from src\main\AndroidManifest.xml:41:13-45:29
action#android.intent.action.MAIN
ADDED from src\main\AndroidManifest.xml:42:17-69
	android:name
		ADDED from src\main\AndroidManifest.xml:42:25-66
category#android.intent.category.LAUNCHER
ADDED from src\main\AndroidManifest.xml:44:17-77
	android:name
		ADDED from src\main\AndroidManifest.xml:44:27-74
activity#com.miaochegu.activity.PublishActivity
ADDED from src\main\AndroidManifest.xml:47:9-84
	android:name
		ADDED from src\main\AndroidManifest.xml:47:19-72
activity#com.miaochegu.activity.RegisterActivity
ADDED from src\main\AndroidManifest.xml:48:9-51:81
	android:label
		ADDED from src\main\AndroidManifest.xml:50:13-60
	android:theme
		ADDED from src\main\AndroidManifest.xml:51:13-69
	android:name
		ADDED from src\main\AndroidManifest.xml:49:13-67
activity#com.miaochegu.activity.DetailActivity
ADDED from src\main\AndroidManifest.xml:52:9-83
	android:name
		ADDED from src\main\AndroidManifest.xml:52:19-71
activity#com.miaochegu.activity.CarInfoActivity
ADDED from src\main\AndroidManifest.xml:53:9-56:79
	android:windowSoftInputMode
		ADDED from src\main\AndroidManifest.xml:56:13-67
	android:theme
		ADDED from src\main\AndroidManifest.xml:55:13-69
	android:name
		ADDED from src\main\AndroidManifest.xml:54:13-53
activity#com.miaochegu.activity.SelectPhotoActivity
ADDED from src\main\AndroidManifest.xml:57:9-59:81
	android:theme
		ADDED from src\main\AndroidManifest.xml:59:13-69
	android:name
		ADDED from src\main\AndroidManifest.xml:58:13-57
activity#com.miaochegu.activity.SelectPhotoTwoActivity
ADDED from src\main\AndroidManifest.xml:60:9-62:81
	android:theme
		ADDED from src\main\AndroidManifest.xml:62:13-69
	android:name
		ADDED from src\main\AndroidManifest.xml:61:13-60
activity#com.miaochegu.activity.SelectPhotoThreeActivity
ADDED from src\main\AndroidManifest.xml:63:9-65:81
	android:theme
		ADDED from src\main\AndroidManifest.xml:65:13-69
	android:name
		ADDED from src\main\AndroidManifest.xml:64:13-62
activity#com.miaochegu.activity.SelectPhotoFourActivity
ADDED from src\main\AndroidManifest.xml:66:9-68:81
	android:theme
		ADDED from src\main\AndroidManifest.xml:68:13-69
	android:name
		ADDED from src\main\AndroidManifest.xml:67:13-61
activity#com.miaochegu.activity.WaiteAssessActivity
ADDED from src\main\AndroidManifest.xml:69:9-71:81
	android:theme
		ADDED from src\main\AndroidManifest.xml:71:13-69
	android:name
		ADDED from src\main\AndroidManifest.xml:70:13-70
activity#com.miaochegu.activity.LookBelogActivity
ADDED from src\main\AndroidManifest.xml:72:9-74:81
	android:theme
		ADDED from src\main\AndroidManifest.xml:74:13-69
	android:name
		ADDED from src\main\AndroidManifest.xml:73:13-68
activity#com.miaochegu.activity.LookResultActivity
ADDED from src\main\AndroidManifest.xml:75:9-77:81
	android:theme
		ADDED from src\main\AndroidManifest.xml:77:13-69
	android:name
		ADDED from src\main\AndroidManifest.xml:76:13-69
activity#com.miaochegu.activity.ReviewProcessActivity
ADDED from src\main\AndroidManifest.xml:78:9-80:81
	android:theme
		ADDED from src\main\AndroidManifest.xml:80:13-69
	android:name
		ADDED from src\main\AndroidManifest.xml:79:13-72
activity#com.miaochegu.activity.UpdatePassWordActivity
ADDED from src\main\AndroidManifest.xml:81:9-84:79
	android:windowSoftInputMode
		ADDED from src\main\AndroidManifest.xml:84:13-67
	android:theme
		ADDED from src\main\AndroidManifest.xml:83:13-69
	android:name
		ADDED from src\main\AndroidManifest.xml:82:13-73
activity#com.miaochegu.activity.EditorTaskActivity
ADDED from src\main\AndroidManifest.xml:85:9-87:81
	android:theme
		ADDED from src\main\AndroidManifest.xml:87:13-69
	android:name
		ADDED from src\main\AndroidManifest.xml:86:13-69
activity#com.miaochegu.activity.CarListDetailActivity
ADDED from src\main\AndroidManifest.xml:88:9-90:81
	android:theme
		ADDED from src\main\AndroidManifest.xml:90:13-69
	android:name
		ADDED from src\main\AndroidManifest.xml:89:13-72
meta-data#leancloud
ADDED from src\main\AndroidManifest.xml:92:9-94:41
	android:value
		ADDED from src\main\AndroidManifest.xml:94:13-38
	android:name
		ADDED from src\main\AndroidManifest.xml:93:13-37
uses-sdk
INJECTED from src\main\AndroidManifest.xml reason: use-sdk injection requested
MERGED from [Android:library:unspecified] AndroidManifest.xml:7:5-9:41
MERGED from [ch.ielse:switchbutton:1.0.0] AndroidManifest.xml:7:5-9:41
MERGED from [com.android.support:cardview-v7:23.0.0] AndroidManifest.xml:20:5-43
MERGED from [com.jakewharton:butterknife:8.4.0] AndroidManifest.xml:5:5-43
MERGED from [com.androidkun:XTabLayout:1.1.2] AndroidManifest.xml:7:5-9:41
MERGED from [com.jcodecraeer:xrecyclerview:1.3.2] AndroidManifest.xml:7:5-9:41
MERGED from [com.android.support:design:23.4.0] AndroidManifest.xml:20:5-43
MERGED from [com.android.support:recyclerview-v7:23.4.0] AndroidManifest.xml:20:5-43
MERGED from [com.android.support:appcompat-v7:23.4.0] AndroidManifest.xml:21:5-23:78
MERGED from [com.android.support:animated-vector-drawable:23.4.0] AndroidManifest.xml:5:5-44
MERGED from [com.android.support:support-vector-drawable:23.4.0] AndroidManifest.xml:5:5-43
MERGED from [com.android.support:support-v4:23.4.0] AndroidManifest.xml:20:5-43
MERGED from [Android:easysidebar:unspecified] AndroidManifest.xml:7:5-9:41
	tools:overrideLibrary
		ADDED from [com.android.support:appcompat-v7:23.4.0] AndroidManifest.xml:23:9-75
	android:targetSdkVersion
		INJECTED from src\main\AndroidManifest.xml
		INJECTED from src\main\AndroidManifest.xml
	android:minSdkVersion
		INJECTED from src\main\AndroidManifest.xml
		INJECTED from src\main\AndroidManifest.xml
activity#com.esaysidebar.activity.SortCityActivity
ADDED from [Android:easysidebar:unspecified] AndroidManifest.xml:15:9-17:55
	android:windowSoftInputMode
		ADDED from [Android:easysidebar:unspecified] AndroidManifest.xml:17:13-52
	android:name
		ADDED from [Android:easysidebar:unspecified] AndroidManifest.xml:16:13-69